<?xml version="1.0" encoding="UTF-8"?>
<!-- Generated by org.testng.reporters.JUnitXMLReporter -->
<testsuite hostname="DESKTOP-D1STLU7" ignored="0" name="Test" tests="4" failures="0" timestamp="2020-03-30T11:26:41 IST" time="166.697" errors="0">
  <testcase name="loginToWordpress" time="59.918" classname="cts.miniproject.test.DdExcelWordpressLogin2"/>
  <testcase name="loginToWordpress" time="31.94" classname="cts.miniproject.test.DdExcelWordpressLogin2"/>
  <testcase name="loginToWordpress" time="32.764" classname="cts.miniproject.test.DdExcelWordpressLogin2"/>
  <testcase name="loginToWordpress" time="35.199" classname="cts.miniproject.test.DdExcelWordpressLogin2"/>
</testsuite> <!-- Test -->
