<?xml version="1.0" encoding="UTF-8"?>
<testng-results skipped="0" failed="0" ignored="0" total="4" passed="4">
  <reporter-output>
  </reporter-output>
  <suite name="Suite" duration-ms="166697" started-at="2020-03-30T11:23:53 IST" finished-at="2020-03-30T11:26:40 IST">
    <groups>
    </groups>
    <test name="Test" duration-ms="166697" started-at="2020-03-30T11:23:53 IST" finished-at="2020-03-30T11:26:40 IST">
      <class name="cts.miniproject.test.DdExcelWordpressLogin2">
        <test-method status="PASS" signature="loginToWordpress(java.lang.String, java.lang.String)[pri:0, instance:cts.miniproject.test.DdExcelWordpressLogin2@59e5ddf]" name="loginToWordpress" duration-ms="59918" started-at="2020-03-30T11:23:55 IST" data-provider="wordpress" finished-at="2020-03-30T11:24:55 IST">
          <params>
            <param index="0">
              <value>
                <![CDATA[admin]]>
              </value>
            </param>
            <param index="1">
              <value>
                <![CDATA[demo123]]>
              </value>
            </param>
          </params>
          <reporter-output>
          </reporter-output>
        </test-method> <!-- loginToWordpress -->
        <test-method status="PASS" signature="tearDown()[pri:0, instance:cts.miniproject.test.DdExcelWordpressLogin2@59e5ddf]" name="tearDown" is-config="true" duration-ms="1674" started-at="2020-03-30T11:24:55 IST" finished-at="2020-03-30T11:24:56 IST">
          <reporter-output>
          </reporter-output>
        </test-method> <!-- tearDown -->
        <test-method status="PASS" signature="loginToWordpress(java.lang.String, java.lang.String)[pri:0, instance:cts.miniproject.test.DdExcelWordpressLogin2@59e5ddf]" name="loginToWordpress" duration-ms="31940" started-at="2020-03-30T11:24:56 IST" data-provider="wordpress" finished-at="2020-03-30T11:25:28 IST">
          <params>
            <param index="0">
              <value>
                <![CDATA[admin]]>
              </value>
            </param>
            <param index="1">
              <value>
                <![CDATA[demo123]]>
              </value>
            </param>
          </params>
          <reporter-output>
          </reporter-output>
        </test-method> <!-- loginToWordpress -->
        <test-method status="PASS" signature="tearDown()[pri:0, instance:cts.miniproject.test.DdExcelWordpressLogin2@59e5ddf]" name="tearDown" is-config="true" duration-ms="1141" started-at="2020-03-30T11:25:28 IST" finished-at="2020-03-30T11:25:29 IST">
          <reporter-output>
          </reporter-output>
        </test-method> <!-- tearDown -->
        <test-method status="PASS" signature="loginToWordpress(java.lang.String, java.lang.String)[pri:0, instance:cts.miniproject.test.DdExcelWordpressLogin2@59e5ddf]" name="loginToWordpress" duration-ms="32764" started-at="2020-03-30T11:25:29 IST" data-provider="wordpress" finished-at="2020-03-30T11:26:02 IST">
          <params>
            <param index="0">
              <value>
                <![CDATA[admin]]>
              </value>
            </param>
            <param index="1">
              <value>
                <![CDATA[demo123]]>
              </value>
            </param>
          </params>
          <reporter-output>
          </reporter-output>
        </test-method> <!-- loginToWordpress -->
        <test-method status="PASS" signature="tearDown()[pri:0, instance:cts.miniproject.test.DdExcelWordpressLogin2@59e5ddf]" name="tearDown" is-config="true" duration-ms="1743" started-at="2020-03-30T11:26:02 IST" finished-at="2020-03-30T11:26:04 IST">
          <reporter-output>
          </reporter-output>
        </test-method> <!-- tearDown -->
        <test-method status="PASS" signature="loginToWordpress(java.lang.String, java.lang.String)[pri:0, instance:cts.miniproject.test.DdExcelWordpressLogin2@59e5ddf]" name="loginToWordpress" duration-ms="35199" started-at="2020-03-30T11:26:04 IST" data-provider="wordpress" finished-at="2020-03-30T11:26:39 IST">
          <params>
            <param index="0">
              <value>
                <![CDATA[admin]]>
              </value>
            </param>
            <param index="1">
              <value>
                <![CDATA[demo123]]>
              </value>
            </param>
          </params>
          <reporter-output>
          </reporter-output>
        </test-method> <!-- loginToWordpress -->
        <test-method status="PASS" signature="tearDown()[pri:0, instance:cts.miniproject.test.DdExcelWordpressLogin2@59e5ddf]" name="tearDown" is-config="true" duration-ms="947" started-at="2020-03-30T11:26:39 IST" finished-at="2020-03-30T11:26:40 IST">
          <reporter-output>
          </reporter-output>
        </test-method> <!-- tearDown -->
      </class> <!-- cts.miniproject.test.DdExcelWordpressLogin2 -->
    </test> <!-- Test -->
  </suite> <!-- Suite -->
</testng-results>
